<?xml version="1.0" encoding="UTF-8"?>
<!-- Generated by org.testng.reporters.JUnitXMLReporter -->
<testsuite ignored="1" hostname="DeekayV3" failures="0" tests="1" name="KeyPressesTests-CH" time="17.482" errors="0" timestamp="29 Dec 2020 06:06:18 GMT">
  <testcase classname="com.herokuapp.theinternet.keypressestests.KeyPressesTests" name="pressKeyTest" time="4.884"/>
  <testcase classname="com.herokuapp.theinternet.keypressestests.KeyPressesTests" name="pressKeyWithActionsTest" time="0.0">
    <ignored/>
  </testcase> <!-- pressKeyWithActionsTest -->
</testsuite> <!-- KeyPressesTests-CH -->
