<?xml version="1.0" encoding="UTF-8"?>
<!-- Generated by org.testng.reporters.JUnitXMLReporter -->
<testsuite ignored="1" hostname="DeekayV3" failures="0" tests="1" name="KeyPressesTests-FF" time="6.138" errors="0" timestamp="29 Dec 2020 06:06:24 GMT">
  <testcase classname="com.herokuapp.theinternet.keypressestests.KeyPressesTests" name="pressKeyWithActionsTest" time="1.834"/>
  <testcase classname="com.herokuapp.theinternet.keypressestests.KeyPressesTests" name="pressKeyTest" time="0.0">
    <ignored/>
  </testcase> <!-- pressKeyTest -->
</testsuite> <!-- KeyPressesTests-FF -->
