<?xml version="1.0" encoding="UTF-8"?>
<!-- Generated by org.testng.reporters.JUnitXMLReporter -->
<testsuite ignored="0" hostname="DeekayV3" failures="0" tests="3" name="UploadTests" time="28.801" errors="0" timestamp="29 Dec 2020 09:12:35 GMT">
  <testcase classname="com.herokuapp.theinternet.uploadtests.UploadTests" name="imageUploadTest" time="2.389"/>
  <testcase classname="com.herokuapp.theinternet.uploadtests.UploadTests" name="imageUploadTest" time="3.632"/>
  <testcase classname="com.herokuapp.theinternet.uploadtests.UploadTests" name="imageUploadTest" time="3.064"/>
</testsuite> <!-- UploadTests -->
