<?xml version="1.0" encoding="UTF-8"?>
<!-- Generated by org.testng.reporters.JUnitXMLReporter -->
<testsuite ignored="0" hostname="DeekayV3" failures="0" tests="5" name="NegativeLogInTest-CH" time="50.02" errors="0" timestamp="29 Dec 2020 10:10:13 GMT">
  <testcase classname="com.herokuapp.theinternet.loginpagetests.NegativeLogInTests" name="negativeLogInTest" time="4.745"/>
  <testcase classname="com.herokuapp.theinternet.loginpagetests.NegativeLogInTests" name="negativeLogInTest" time="3.741"/>
  <testcase classname="com.herokuapp.theinternet.loginpagetests.NegativeLogInTests" name="negativeLogInTest" time="4.084"/>
  <testcase classname="com.herokuapp.theinternet.loginpagetests.NegativeLogInTests" name="negativeLogInTest" time="3.604"/>
  <testcase classname="com.herokuapp.theinternet.loginpagetests.NegativeLogInTests" name="negativeLogInTest" time="3.802"/>
</testsuite> <!-- NegativeLogInTest-CH -->
